TN:
SF:src/js-foundation/01-template.ts
FNF:0
FNH:0
DA:1,1
DA:2,1
DA:3,1
DA:4,1
DA:5,1
DA:6,1
DA:7,1
LF:7
LH:7
BRF:0
BRH:0
end_of_record
TN:
SF:src/js-foundation/02-destructuring.ts
FNF:0
FNH:0
DA:1,1
DA:2,1
DA:3,1
DA:4,1
DA:5,1
DA:6,1
LF:6
LH:6
BRF:0
BRH:0
end_of_record
TN:
SF:src/js-foundation/03-callbacks.ts
FN:16,getUserById
FNF:1
FNH:1
FNDA:2,getUserById
DA:1,1
DA:2,1
DA:3,1
DA:4,1
DA:5,1
DA:6,1
DA:7,1
DA:8,1
DA:9,1
DA:10,1
DA:11,1
DA:12,1
DA:13,1
DA:14,1
DA:15,1
DA:16,2
DA:17,2
DA:18,2
DA:19,2
DA:20,1
DA:21,1
DA:22,1
DA:23,1
DA:24,1
LF:24
LH:24
BRDA:16,0,0,2
BRDA:19,1,0,1
BRDA:17,2,0,3
BRF:3
BRH:3
end_of_record
TN:
SF:src/js-foundation/05-factory-funcs.ts
FN:12,buildMakePerson
FNF:1
FNH:1
FNDA:2,buildMakePerson
DA:1,1
DA:2,1
DA:3,1
DA:4,1
DA:5,1
DA:6,1
DA:7,1
DA:8,1
DA:9,1
DA:10,1
DA:11,1
DA:12,1
DA:13,2
DA:14,1
DA:15,1
DA:16,1
DA:17,1
DA:18,1
DA:19,1
DA:20,1
DA:21,2
LF:21
LH:21
BRDA:12,0,0,2
BRDA:13,1,0,1
BRF:2
BRH:2
end_of_record
TN:
SF:src/plugins/get-age.plugin.ts
FN:3,getAge
FNF:1
FNH:1
FNDA:2,getAge
DA:1,1
DA:2,1
DA:3,1
DA:4,2
DA:5,0
DA:6,0
DA:7,2
DA:8,2
DA:9,2
DA:10,2
LF:10
LH:8
BRDA:3,0,0,2
BRDA:4,1,0,0
BRF:2
BRH:1
end_of_record
TN:
SF:src/plugins/get-id.plugin.ts
FN:6,createId
FNF:1
FNH:1
FNDA:1,createId
DA:1,1
DA:2,1
DA:3,1
DA:4,1
DA:5,1
DA:6,1
DA:7,1
DA:8,1
LF:8
LH:8
BRDA:6,0,0,1
BRF:1
BRH:1
end_of_record
TN:
SF:src/plugins/http-client.plugin.ts
FN:4,httpClientPlugin
FNF:1
FNH:0
FNDA:0,httpClientPlugin
DA:1,1
DA:2,1
DA:3,1
DA:4,1
DA:5,0
DA:6,0
DA:7,0
DA:8,0
DA:9,0
DA:10,0
DA:11,0
DA:12,0
DA:13,0
DA:14,0
DA:15,0
DA:16,0
DA:17,0
DA:18,0
DA:19,0
DA:20,0
DA:21,0
DA:22,0
DA:23,0
LF:23
LH:4
BRF:0
BRH:0
end_of_record
TN:
SF:src/plugins/index.js
FN:1,Object.<anonymous>
FNF:1
FNH:1
FNDA:2,Object.<anonymous>
DA:1,2
DA:2,2
DA:3,2
DA:4,2
DA:5,2
DA:6,2
DA:7,2
DA:8,2
DA:9,2
DA:10,2
DA:11,2
DA:12,2
DA:13,2
DA:14,2
DA:15,2
DA:16,2
DA:17,2
DA:18,2
LF:18
LH:18
BRDA:1,0,0,2
BRDA:1,1,0,2
BRF:2
BRH:2
end_of_record
TN:
SF:src/plugins/logger.plugin.js
FN:1,Object.<anonymous>
FN:35,buildLogger
FNF:2
FNH:1
FNDA:2,Object.<anonymous>
FNDA:0,buildLogger
DA:1,2
DA:2,2
DA:3,2
DA:4,2
DA:5,2
DA:6,2
DA:7,2
DA:8,2
DA:9,2
DA:10,2
DA:11,2
DA:12,2
DA:13,2
DA:14,2
DA:15,2
DA:16,2
DA:17,2
DA:18,2
DA:19,2
DA:20,2
DA:21,2
DA:22,2
DA:23,2
DA:24,2
DA:25,2
DA:26,2
DA:27,2
DA:28,2
DA:29,2
DA:30,2
DA:31,2
DA:32,2
DA:33,2
DA:34,2
DA:35,2
DA:36,0
DA:37,0
DA:38,0
DA:39,0
DA:40,0
DA:41,0
DA:42,0
DA:43,0
DA:44,0
DA:45,0
DA:46,0
DA:47,0
DA:48,0
DA:49,0
DA:50,0
DA:51,0
DA:52,2
LF:52
LH:36
BRDA:1,0,0,2
BRDA:1,1,0,2
BRF:2
BRH:2
end_of_record
