{"/Users/andrespacheco/Development/DevTalles/Node/seccion 6/src/domain/use-cases/create-table.use-case.ts": {"path":"/Users/andrespacheco/Development/DevTalles/Node/seccion 6/src/domain/use-cases/create-table.use-case.ts","all":false,"statementMap":{"0":{"start":{"line":1,"column":0},"end":{"line":1,"column":37}},"1":{"start":{"line":2,"column":0},"end":{"line":2,"column":53}},"2":{"start":{"line":3,"column":0},"end":{"line":3,"column":1}},"3":{"start":{"line":4,"column":0},"end":{"line":4,"column":0}},"4":{"start":{"line":5,"column":0},"end":{"line":5,"column":37}},"5":{"start":{"line":6,"column":0},"end":{"line":6,"column":17}},"6":{"start":{"line":7,"column":0},"end":{"line":7,"column":19}},"7":{"start":{"line":8,"column":0},"end":{"line":8,"column":1}},"8":{"start":{"line":9,"column":0},"end":{"line":9,"column":0}},"9":{"start":{"line":10,"column":0},"end":{"line":10,"column":56}},"10":{"start":{"line":11,"column":0},"end":{"line":11,"column":0}},"11":{"start":{"line":12,"column":0},"end":{"line":12,"column":16}},"12":{"start":{"line":13,"column":0},"end":{"line":13,"column":11}},"13":{"start":{"line":14,"column":0},"end":{"line":14,"column":36}},"14":{"start":{"line":15,"column":0},"end":{"line":15,"column":13}},"15":{"start":{"line":16,"column":0},"end":{"line":16,"column":9}},"16":{"start":{"line":17,"column":0},"end":{"line":17,"column":0}},"17":{"start":{"line":18,"column":0},"end":{"line":18,"column":55}},"18":{"start":{"line":19,"column":0},"end":{"line":19,"column":31}},"19":{"start":{"line":20,"column":0},"end":{"line":20,"column":54}},"20":{"start":{"line":21,"column":0},"end":{"line":21,"column":72}},"21":{"start":{"line":22,"column":0},"end":{"line":22,"column":35}},"22":{"start":{"line":23,"column":0},"end":{"line":23,"column":0}},"23":{"start":{"line":24,"column":0},"end":{"line":24,"column":53}},"24":{"start":{"line":25,"column":0},"end":{"line":25,"column":9}},"25":{"start":{"line":26,"column":0},"end":{"line":26,"column":0}},"26":{"start":{"line":27,"column":0},"end":{"line":27,"column":29}},"27":{"start":{"line":28,"column":0},"end":{"line":28,"column":5}},"28":{"start":{"line":29,"column":0},"end":{"line":29,"column":0}},"29":{"start":{"line":30,"column":0},"end":{"line":30,"column":1}}},"s":{"0":1,"1":1,"2":1,"3":1,"4":1,"5":1,"6":1,"7":1,"8":1,"9":1,"10":1,"11":1,"12":6,"13":6,"14":6,"15":6,"16":1,"17":1,"18":2,"19":2,"20":30,"21":30,"22":30,"23":30,"24":30,"25":2,"26":2,"27":2,"28":1,"29":1},"branchMap":{"0":{"type":"branch","line":12,"loc":{"start":{"line":12,"column":4},"end":{"line":16,"column":9}},"locations":[{"start":{"line":12,"column":4},"end":{"line":16,"column":9}}]},"1":{"type":"branch","line":18,"loc":{"start":{"line":18,"column":4},"end":{"line":28,"column":5}},"locations":[{"start":{"line":18,"column":4},"end":{"line":28,"column":5}}]},"2":{"type":"branch","line":20,"loc":{"start":{"line":20,"column":53},"end":{"line":25,"column":9}},"locations":[{"start":{"line":20,"column":53},"end":{"line":25,"column":9}}]},"3":{"type":"branch","line":24,"loc":{"start":{"line":24,"column":31},"end":{"line":24,"column":53}},"locations":[{"start":{"line":24,"column":31},"end":{"line":24,"column":53}}]}},"b":{"0":[6],"1":[2],"2":[30],"3":[28]},"fnMap":{"0":{"name":"CreateTable","decl":{"start":{"line":12,"column":4},"end":{"line":16,"column":9}},"loc":{"start":{"line":12,"column":4},"end":{"line":16,"column":9}},"line":12},"1":{"name":"execute","decl":{"start":{"line":18,"column":4},"end":{"line":28,"column":5}},"loc":{"start":{"line":18,"column":4},"end":{"line":28,"column":5}},"line":18}},"f":{"0":6,"1":2}}
,"/Users/andrespacheco/Development/DevTalles/Node/seccion 6/src/domain/use-cases/save-file.use-case.ts": {"path":"/Users/andrespacheco/Development/DevTalles/Node/seccion 6/src/domain/use-cases/save-file.use-case.ts","all":false,"statementMap":{"0":{"start":{"line":1,"column":0},"end":{"line":1,"column":20}},"1":{"start":{"line":2,"column":0},"end":{"line":2,"column":0}},"2":{"start":{"line":3,"column":0},"end":{"line":3,"column":34}},"3":{"start":{"line":4,"column":0},"end":{"line":4,"column":43}},"4":{"start":{"line":5,"column":0},"end":{"line":5,"column":1}},"5":{"start":{"line":6,"column":0},"end":{"line":6,"column":0}},"6":{"start":{"line":7,"column":0},"end":{"line":7,"column":26}},"7":{"start":{"line":8,"column":0},"end":{"line":8,"column":24}},"8":{"start":{"line":9,"column":0},"end":{"line":9,"column":29}},"9":{"start":{"line":10,"column":0},"end":{"line":10,"column":22}},"10":{"start":{"line":11,"column":0},"end":{"line":11,"column":1}},"11":{"start":{"line":12,"column":0},"end":{"line":12,"column":0}},"12":{"start":{"line":13,"column":0},"end":{"line":13,"column":50}},"13":{"start":{"line":14,"column":0},"end":{"line":14,"column":0}},"14":{"start":{"line":15,"column":0},"end":{"line":15,"column":16}},"15":{"start":{"line":16,"column":0},"end":{"line":16,"column":44}},"16":{"start":{"line":17,"column":0},"end":{"line":17,"column":9}},"17":{"start":{"line":18,"column":0},"end":{"line":18,"column":0}},"18":{"start":{"line":19,"column":0},"end":{"line":19,"column":13}},"19":{"start":{"line":20,"column":0},"end":{"line":20,"column":20}},"20":{"start":{"line":21,"column":0},"end":{"line":21,"column":36}},"21":{"start":{"line":22,"column":0},"end":{"line":22,"column":27}},"22":{"start":{"line":23,"column":0},"end":{"line":23,"column":17}},"23":{"start":{"line":24,"column":0},"end":{"line":24,"column":13}},"24":{"start":{"line":25,"column":0},"end":{"line":25,"column":62}},"25":{"start":{"line":26,"column":0},"end":{"line":26,"column":0}},"26":{"start":{"line":27,"column":0},"end":{"line":27,"column":37}},"27":{"start":{"line":28,"column":0},"end":{"line":28,"column":45}},"28":{"start":{"line":29,"column":0},"end":{"line":29,"column":45}},"29":{"start":{"line":30,"column":0},"end":{"line":30,"column":13}},"30":{"start":{"line":31,"column":0},"end":{"line":31,"column":0}},"31":{"start":{"line":32,"column":0},"end":{"line":32,"column":77}},"32":{"start":{"line":33,"column":0},"end":{"line":33,"column":24}},"33":{"start":{"line":34,"column":0},"end":{"line":34,"column":25}},"34":{"start":{"line":35,"column":0},"end":{"line":35,"column":25}},"35":{"start":{"line":36,"column":0},"end":{"line":36,"column":9}},"36":{"start":{"line":37,"column":0},"end":{"line":37,"column":5}},"37":{"start":{"line":38,"column":0},"end":{"line":38,"column":1}}},"s":{"0":1,"1":1,"2":1,"3":1,"4":1,"5":1,"6":1,"7":1,"8":1,"9":1,"10":1,"11":1,"12":1,"13":1,"14":1,"15":8,"16":8,"17":1,"18":1,"19":4,"20":4,"21":4,"22":4,"23":4,"24":4,"25":4,"26":4,"27":4,"28":1,"29":1,"30":3,"31":3,"32":3,"33":4,"34":2,"35":2,"36":4,"37":1},"branchMap":{"0":{"type":"branch","line":15,"loc":{"start":{"line":15,"column":4},"end":{"line":17,"column":9}},"locations":[{"start":{"line":15,"column":4},"end":{"line":17,"column":9}}]},"1":{"type":"branch","line":19,"loc":{"start":{"line":19,"column":4},"end":{"line":37,"column":5}},"locations":[{"start":{"line":19,"column":4},"end":{"line":37,"column":5}}]},"2":{"type":"branch","line":28,"loc":{"start":{"line":28,"column":44},"end":{"line":30,"column":13}},"locations":[{"start":{"line":28,"column":44},"end":{"line":30,"column":13}}]},"3":{"type":"branch","line":31,"loc":{"start":{"line":31,"column":-1},"end":{"line":34,"column":17}},"locations":[{"start":{"line":31,"column":-1},"end":{"line":34,"column":17}}]},"4":{"type":"branch","line":34,"loc":{"start":{"line":34,"column":10},"end":{"line":36,"column":9}},"locations":[{"start":{"line":34,"column":10},"end":{"line":36,"column":9}}]}},"b":{"0":[8],"1":[4],"2":[1],"3":[3],"4":[2]},"fnMap":{"0":{"name":"SaveFile","decl":{"start":{"line":15,"column":4},"end":{"line":17,"column":9}},"loc":{"start":{"line":15,"column":4},"end":{"line":17,"column":9}},"line":15},"1":{"name":"execute","decl":{"start":{"line":19,"column":4},"end":{"line":37,"column":5}},"loc":{"start":{"line":19,"column":4},"end":{"line":37,"column":5}},"line":19}},"f":{"0":8,"1":4}}
,"/Users/andrespacheco/Development/DevTalles/Node/seccion 6/src/plugins/args.plugin.ts": {"path":"/Users/andrespacheco/Development/DevTalles/Node/seccion 6/src/plugins/args.plugin.ts","all":false,"statementMap":{"0":{"start":{"line":1,"column":0},"end":{"line":1,"column":26}},"1":{"start":{"line":2,"column":0},"end":{"line":2,"column":40}},"2":{"start":{"line":3,"column":0},"end":{"line":3,"column":0}},"3":{"start":{"line":4,"column":0},"end":{"line":4,"column":48}},"4":{"start":{"line":5,"column":0},"end":{"line":5,"column":18}},"5":{"start":{"line":6,"column":0},"end":{"line":6,"column":22}},"6":{"start":{"line":7,"column":0},"end":{"line":7,"column":23}},"7":{"start":{"line":8,"column":0},"end":{"line":8,"column":27}},"8":{"start":{"line":9,"column":0},"end":{"line":9,"column":55}},"9":{"start":{"line":10,"column":0},"end":{"line":10,"column":6}},"10":{"start":{"line":11,"column":0},"end":{"line":11,"column":18}},"11":{"start":{"line":12,"column":0},"end":{"line":12,"column":23}},"12":{"start":{"line":13,"column":0},"end":{"line":13,"column":23}},"13":{"start":{"line":14,"column":0},"end":{"line":14,"column":20}},"14":{"start":{"line":15,"column":0},"end":{"line":15,"column":39}},"15":{"start":{"line":16,"column":0},"end":{"line":16,"column":0}},"16":{"start":{"line":17,"column":0},"end":{"line":17,"column":6}},"17":{"start":{"line":18,"column":0},"end":{"line":18,"column":18}},"18":{"start":{"line":19,"column":0},"end":{"line":19,"column":22}},"19":{"start":{"line":20,"column":0},"end":{"line":20,"column":24}},"20":{"start":{"line":21,"column":0},"end":{"line":21,"column":23}},"21":{"start":{"line":22,"column":0},"end":{"line":22,"column":45}},"22":{"start":{"line":23,"column":0},"end":{"line":23,"column":0}},"23":{"start":{"line":24,"column":0},"end":{"line":24,"column":6}},"24":{"start":{"line":25,"column":0},"end":{"line":25,"column":18}},"25":{"start":{"line":26,"column":0},"end":{"line":26,"column":22}},"26":{"start":{"line":27,"column":0},"end":{"line":27,"column":23}},"27":{"start":{"line":28,"column":0},"end":{"line":28,"column":30}},"28":{"start":{"line":29,"column":0},"end":{"line":29,"column":6}},"29":{"start":{"line":30,"column":0},"end":{"line":30,"column":18}},"30":{"start":{"line":31,"column":0},"end":{"line":31,"column":29}},"31":{"start":{"line":32,"column":0},"end":{"line":32,"column":23}},"32":{"start":{"line":33,"column":0},"end":{"line":33,"column":29}},"33":{"start":{"line":34,"column":0},"end":{"line":34,"column":46}},"34":{"start":{"line":35,"column":0},"end":{"line":35,"column":0}},"35":{"start":{"line":36,"column":0},"end":{"line":36,"column":6}},"36":{"start":{"line":37,"column":0},"end":{"line":37,"column":31}},"37":{"start":{"line":38,"column":0},"end":{"line":38,"column":0}},"38":{"start":{"line":39,"column":0},"end":{"line":39,"column":77}},"39":{"start":{"line":40,"column":0},"end":{"line":40,"column":72}},"40":{"start":{"line":41,"column":0},"end":{"line":41,"column":0}},"41":{"start":{"line":42,"column":0},"end":{"line":42,"column":20}},"42":{"start":{"line":43,"column":0},"end":{"line":43,"column":6}},"43":{"start":{"line":44,"column":0},"end":{"line":44,"column":17}}},"s":{"0":1,"1":1,"2":1,"3":1,"4":1,"5":1,"6":1,"7":1,"8":1,"9":1,"10":1,"11":1,"12":1,"13":1,"14":1,"15":1,"16":1,"17":1,"18":1,"19":1,"20":1,"21":1,"22":1,"23":1,"24":1,"25":1,"26":1,"27":1,"28":1,"29":1,"30":1,"31":1,"32":1,"33":1,"34":1,"35":1,"36":1,"37":2,"38":2,"39":2,"40":2,"41":2,"42":2,"43":1},"branchMap":{"0":{"type":"branch","line":37,"loc":{"start":{"line":37,"column":11},"end":{"line":43,"column":6}},"locations":[{"start":{"line":37,"column":11},"end":{"line":43,"column":6}}]},"1":{"type":"branch","line":39,"loc":{"start":{"line":39,"column":24},"end":{"line":39,"column":77}},"locations":[{"start":{"line":39,"column":24},"end":{"line":39,"column":77}}]},"2":{"type":"branch","line":40,"loc":{"start":{"line":40,"column":24},"end":{"line":40,"column":72}},"locations":[{"start":{"line":40,"column":24},"end":{"line":40,"column":72}}]}},"b":{"0":[2],"1":[0],"2":[0]},"fnMap":{},"f":{}}
,"/Users/andrespacheco/Development/DevTalles/Node/seccion 6/src/presentation/server-app.ts": {"path":"/Users/andrespacheco/Development/DevTalles/Node/seccion 6/src/presentation/server-app.ts","all":false,"statementMap":{"0":{"start":{"line":1,"column":0},"end":{"line":1,"column":72}},"1":{"start":{"line":2,"column":0},"end":{"line":2,"column":66}},"2":{"start":{"line":3,"column":0},"end":{"line":3,"column":0}},"3":{"start":{"line":4,"column":0},"end":{"line":4,"column":22}},"4":{"start":{"line":5,"column":0},"end":{"line":5,"column":17}},"5":{"start":{"line":6,"column":0},"end":{"line":6,"column":18}},"6":{"start":{"line":7,"column":0},"end":{"line":7,"column":23}},"7":{"start":{"line":8,"column":0},"end":{"line":8,"column":33}},"8":{"start":{"line":9,"column":0},"end":{"line":9,"column":24}},"9":{"start":{"line":10,"column":0},"end":{"line":10,"column":1}},"10":{"start":{"line":11,"column":0},"end":{"line":11,"column":0}},"11":{"start":{"line":12,"column":0},"end":{"line":12,"column":0}},"12":{"start":{"line":13,"column":0},"end":{"line":13,"column":24}},"13":{"start":{"line":14,"column":0},"end":{"line":14,"column":43}},"14":{"start":{"line":15,"column":0},"end":{"line":15,"column":41}},"15":{"start":{"line":16,"column":0},"end":{"line":16,"column":40}},"16":{"start":{"line":17,"column":0},"end":{"line":17,"column":64}},"17":{"start":{"line":18,"column":0},"end":{"line":18,"column":49}},"18":{"start":{"line":19,"column":0},"end":{"line":19,"column":31}},"19":{"start":{"line":20,"column":0},"end":{"line":20,"column":66}},"20":{"start":{"line":21,"column":0},"end":{"line":21,"column":48}},"21":{"start":{"line":22,"column":0},"end":{"line":22,"column":11}},"22":{"start":{"line":23,"column":0},"end":{"line":23,"column":0}},"23":{"start":{"line":24,"column":0},"end":{"line":24,"column":50}},"24":{"start":{"line":25,"column":0},"end":{"line":25,"column":0}},"25":{"start":{"line":26,"column":0},"end":{"line":26,"column":16}},"26":{"start":{"line":27,"column":0},"end":{"line":27,"column":42}},"27":{"start":{"line":28,"column":0},"end":{"line":28,"column":62}},"28":{"start":{"line":29,"column":0},"end":{"line":29,"column":0}},"29":{"start":{"line":30,"column":0},"end":{"line":30,"column":5}},"30":{"start":{"line":31,"column":0},"end":{"line":31,"column":1}}},"s":{"0":1,"1":1,"2":1,"3":1,"4":1,"5":1,"6":1,"7":1,"8":1,"9":1,"10":1,"11":1,"12":1,"13":1,"14":4,"15":4,"16":4,"17":4,"18":4,"19":4,"20":4,"21":4,"22":4,"23":4,"24":4,"25":4,"26":4,"27":4,"28":4,"29":4,"30":1},"branchMap":{"0":{"type":"branch","line":14,"loc":{"start":{"line":14,"column":17},"end":{"line":30,"column":5}},"locations":[{"start":{"line":14,"column":17},"end":{"line":30,"column":5}}]},"1":{"type":"branch","line":20,"loc":{"start":{"line":20,"column":38},"end":{"line":20,"column":42}},"locations":[{"start":{"line":20,"column":38},"end":{"line":20,"column":42}}]},"2":{"type":"branch","line":20,"loc":{"start":{"line":20,"column":38},"end":{"line":20,"column":65}},"locations":[{"start":{"line":20,"column":38},"end":{"line":20,"column":65}}]},"3":{"type":"branch","line":24,"loc":{"start":{"line":24,"column":31},"end":{"line":24,"column":50}},"locations":[{"start":{"line":24,"column":31},"end":{"line":24,"column":50}}]},"4":{"type":"branch","line":27,"loc":{"start":{"line":27,"column":12},"end":{"line":27,"column":42}},"locations":[{"start":{"line":27,"column":12},"end":{"line":27,"column":42}}]},"5":{"type":"branch","line":28,"loc":{"start":{"line":28,"column":12},"end":{"line":28,"column":61}},"locations":[{"start":{"line":28,"column":12},"end":{"line":28,"column":61}}]}},"b":{"0":[4],"1":[3],"2":[1],"3":[2],"4":[3],"5":[1]},"fnMap":{"0":{"name":"run","decl":{"start":{"line":14,"column":17},"end":{"line":30,"column":5}},"loc":{"start":{"line":14,"column":17},"end":{"line":30,"column":5}},"line":14}},"f":{"0":4}}
}
