TN:
SF:src/domain/use-cases/create-table.use-case.ts
FN:12,CreateTable
FN:18,execute
FNF:2
FNH:2
FNDA:6,CreateTable
FNDA:2,execute
DA:1,1
DA:2,1
DA:3,1
DA:4,1
DA:5,1
DA:6,1
DA:7,1
DA:8,1
DA:9,1
DA:10,1
DA:11,1
DA:12,1
DA:13,6
DA:14,6
DA:15,6
DA:16,6
DA:17,1
DA:18,1
DA:19,2
DA:20,2
DA:21,30
DA:22,30
DA:23,30
DA:24,30
DA:25,30
DA:26,2
DA:27,2
DA:28,2
DA:29,1
DA:30,1
LF:30
LH:30
BRDA:12,0,0,6
BRDA:18,1,0,2
BRDA:20,2,0,30
BRDA:24,3,0,28
BRF:4
BRH:4
end_of_record
TN:
SF:src/domain/use-cases/save-file.use-case.ts
FN:15,SaveFile
FN:19,execute
FNF:2
FNH:2
FNDA:8,SaveFile
FNDA:4,execute
DA:1,1
DA:2,1
DA:3,1
DA:4,1
DA:5,1
DA:6,1
DA:7,1
DA:8,1
DA:9,1
DA:10,1
DA:11,1
DA:12,1
DA:13,1
DA:14,1
DA:15,1
DA:16,8
DA:17,8
DA:18,1
DA:19,1
DA:20,4
DA:21,4
DA:22,4
DA:23,4
DA:24,4
DA:25,4
DA:26,4
DA:27,4
DA:28,4
DA:29,1
DA:30,1
DA:31,3
DA:32,3
DA:33,3
DA:34,4
DA:35,2
DA:36,2
DA:37,4
DA:38,1
LF:38
LH:38
BRDA:15,0,0,8
BRDA:19,1,0,4
BRDA:28,2,0,1
BRDA:31,3,0,3
BRDA:34,4,0,2
BRF:5
BRH:5
end_of_record
TN:
SF:src/plugins/args.plugin.ts
FNF:0
FNH:0
DA:1,1
DA:2,1
DA:3,1
DA:4,1
DA:5,1
DA:6,1
DA:7,1
DA:8,1
DA:9,1
DA:10,1
DA:11,1
DA:12,1
DA:13,1
DA:14,1
DA:15,1
DA:16,1
DA:17,1
DA:18,1
DA:19,1
DA:20,1
DA:21,1
DA:22,1
DA:23,1
DA:24,1
DA:25,1
DA:26,1
DA:27,1
DA:28,1
DA:29,1
DA:30,1
DA:31,1
DA:32,1
DA:33,1
DA:34,1
DA:35,1
DA:36,1
DA:37,1
DA:38,2
DA:39,2
DA:40,2
DA:41,2
DA:42,2
DA:43,2
DA:44,1
LF:44
LH:44
BRDA:37,0,0,2
BRDA:39,1,0,0
BRDA:40,2,0,0
BRF:3
BRH:1
end_of_record
TN:
SF:src/presentation/server-app.ts
FN:14,run
FNF:1
FNH:1
FNDA:4,run
DA:1,1
DA:2,1
DA:3,1
DA:4,1
DA:5,1
DA:6,1
DA:7,1
DA:8,1
DA:9,1
DA:10,1
DA:11,1
DA:12,1
DA:13,1
DA:14,1
DA:15,4
DA:16,4
DA:17,4
DA:18,4
DA:19,4
DA:20,4
DA:21,4
DA:22,4
DA:23,4
DA:24,4
DA:25,4
DA:26,4
DA:27,4
DA:28,4
DA:29,4
DA:30,4
DA:31,1
LF:31
LH:31
BRDA:14,0,0,4
BRDA:20,1,0,3
BRDA:20,2,0,1
BRDA:24,3,0,2
BRDA:27,4,0,3
BRDA:28,5,0,1
BRF:6
BRH:6
end_of_record
